{"C:\\Users\\Xavia\\OneDrive\\Documents\\All Coding Stuff\\film-review-application\\client\\src\\App.jsx": {"path":"C:\\Users\\Xavia\\OneDrive\\Documents\\All Coding Stuff\\film-review-application\\client\\src\\App.jsx","statementMap":{"0":{"start":{"line":1,"column":12},"end":{"line":8,"column":1}},"1":{"start":{"line":2,"column":2},"end":{"line":7,"column":4}}},"fnMap":{"0":{"name":"(anonymous_0)","decl":{"start":{"line":1,"column":12},"end":{"line":1,"column":13}},"loc":{"start":{"line":1,"column":18},"end":{"line":8,"column":1}},"line":1}},"branchMap":{},"s":{"0":1,"1":1},"f":{"0":1},"b":{},"_coverageSchema":"1a1c01bbd47fc00a2c39e90264f33305004495a9","hash":"c34db7a32bbbbea54327e8a5dc7096c07cbe1f9f"}
}
